<?xml version="1.0" encoding="UTF-8"?>
<testng-results ignored="0" total="1" passed="1" failed="0" skipped="0">
  <reporter-output>
  </reporter-output>
  <suite started-at="2023-11-15T17:40:56 BDT" name="Default suite" finished-at="2023-11-15T17:40:57 BDT" duration-ms="1902">
    <groups>
    </groups>
    <test started-at="2023-11-15T17:40:56 BDT" name="Default test" finished-at="2023-11-15T17:40:57 BDT" duration-ms="1902">
      <class name="Day1.HttpRequests">
        <test-method signature="getUsers()[pri:0, instance:Day1.HttpRequests@71def8f8]" started-at="2023-11-15T17:40:56 BDT" name="getUsers" finished-at="2023-11-15T17:40:57 BDT" duration-ms="1834" status="PASS">
          <reporter-output>
          </reporter-output>
        </test-method> <!-- getUsers -->
      </class> <!-- Day1.HttpRequests -->
    </test> <!-- Default test -->
  </suite> <!-- Default suite -->
</testng-results>
